<?xml version="1.0" encoding="UTF-8"?>
<!-- Generated by org.testng.reporters.JUnitReportReporter -->
<testsuite hostname="DESKTOP-FP4OP26" failures="0" tests="2" name="Runners._04_TestRunnerSmoke" time="21.861" errors="0" timestamp="23 Nov 2022 23:09:24 GMT">
  <testcase classname="Runners._04_TestRunnerSmoke" name="runScenario" time="10.418"/>
  <testcase classname="Runners._04_TestRunnerSmoke" name="runScenario" time="11.443"/>
</testsuite> <!-- Runners._04_TestRunnerSmoke -->
